<?xml version="1.0" encoding="UTF-8"?>
<!-- Generated by org.testng.reporters.JUnitReportReporter -->
<testsuite skipped="0" hostname="Anguganesh-PC" name="test.scripts.TestScript1" tests="1" failures="0" timestamp="28 Jul 2018 08:30:40 GMT" time="0.041" errors="0">
  <testcase name="function" time="0.041" classname="test.scripts.TestScript1"/>
</testsuite> <!-- test.scripts.TestScript1 -->
